<?xml version="1.0" encoding="UTF-8"?>
<!-- Generated by org.testng.reporters.JUnitReportReporter -->
<testsuite skipped="0" hostname="DESKTOP-VQ12T10" name="com.Selenium_Automation.travel.test.Checking" tests="1" failures="0" timestamp="14 Dec 2017 09:23:35 GMT" time="14.953" errors="0">
  <testcase name="testing" time="14.953" classname="com.Selenium_Automation.travel.test.Checking"/>
</testsuite> <!-- com.Selenium_Automation.travel.test.Checking -->
