<?xml version="1.0" encoding="UTF-8"?>
<!-- Generated by org.testng.reporters.JUnitReportReporter -->
<testsuite skipped="0" hostname="DESKTOP-VQ12T10" name="com.Selenium_Automation.travel.base.test.BaseTest" tests="1" failures="0" timestamp="13 Dec 2017 18:04:05 GMT" time="0.023" errors="0">
  <testcase name="test" time="0.023" classname="com.Selenium_Automation.travel.base.test.BaseTest"/>
</testsuite> <!-- com.Selenium_Automation.travel.base.test.BaseTest -->
